En la rama main
Tu rama está actualizada con 'origin/main'.

nada para hacer commit, el árbol de trabajo está limpio
[2025-07-06 12:00:05.482653] Iniciando subida del CSV...
CSV copiado a: /home/mdeoca/TEMPE/bme688/Meteo/datos.csv
'datos.csv' añadido al staging.
ERROR al hacer commit: Command '['git', 'commit', '-m', 'Actualización de datos: 2025-07-06 12:00:05']' returned non-zero exit status 1.
[main cbdc96c] Actualización de datos: 2025-07-06 12:20:06
 1 file changed, 1 insertion(+)
To https://github.com/mdeoca/Meteo.git
   6b0995d..cbdc96c  main -> main
[2025-07-06 12:20:06.665424] Iniciando subida del CSV...
CSV copiado a: /home/mdeoca/TEMPE/bme688/Meteo/datos.csv
'datos.csv' añadido al staging.
Commit realizado.
Push a GitHub exitoso.
Proceso de subida completado.
[main 0f718e8] Actualización de datos: 2025-07-06 12:40:07
 1 file changed, 1 insertion(+)
To https://github.com/mdeoca/Meteo.git
   cbdc96c..0f718e8  main -> main
[2025-07-06 12:40:07.022001] Iniciando subida del CSV...
CSV copiado a: /home/mdeoca/TEMPE/bme688/Meteo/datos.csv
'datos.csv' añadido al staging.
Commit realizado.
Push a GitHub exitoso.
Proceso de subida completado.
En la rama main
Tu rama está actualizada con 'origin/main'.

Cambios no rastreados para el commit:
  (usa "git add <archivo>..." para actualizar lo que será confirmado)
  (usa "git restore <archivo>..." para descartar los cambios en el directorio de trabajo)
	modificados:     subir_csv.log

sin cambios agregados al commit (usa "git add" y/o "git commit -a")
[2025-07-06 13:00:09.975878] Iniciando subida del CSV...
CSV copiado a: /home/mdeoca/TEMPE/bme688/Meteo/datos.csv
'datos.csv' añadido al staging.
ERROR al hacer commit: Command '['git', 'commit', '-m', 'Actualización de datos: 2025-07-06 13:00:10']' returned non-zero exit status 1.
[main d7ed52e] Actualización de datos: 2025-07-06 13:20:07
 1 file changed, 1 insertion(+)
To https://github.com/mdeoca/Meteo.git
   0f718e8..d7ed52e  main -> main
[2025-07-06 13:20:07.703727] Iniciando subida del CSV...
CSV copiado a: /home/mdeoca/TEMPE/bme688/Meteo/datos.csv
'datos.csv' añadido al staging.
Commit realizado.
Push a GitHub exitoso.
Proceso de subida completado.
[main 044a430] Actualización de datos: 2025-07-06 13:40:07
 1 file changed, 1 insertion(+)
To https://github.com/mdeoca/Meteo.git
   d7ed52e..044a430  main -> main
[2025-07-06 13:40:07.356685] Iniciando subida del CSV...
CSV copiado a: /home/mdeoca/TEMPE/bme688/Meteo/datos.csv
'datos.csv' añadido al staging.
Commit realizado.
Push a GitHub exitoso.
Proceso de subida completado.
En la rama main
Tu rama está actualizada con 'origin/main'.

Cambios no rastreados para el commit:
  (usa "git add <archivo>..." para actualizar lo que será confirmado)
  (usa "git restore <archivo>..." para descartar los cambios en el directorio de trabajo)
	modificados:     subir_csv.log

sin cambios agregados al commit (usa "git add" y/o "git commit -a")
[2025-07-06 14:00:44.091075] Iniciando subida del CSV...
CSV copiado a: /home/mdeoca/TEMPE/bme688/Meteo/datos.csv
'datos.csv' añadido al staging.
ERROR al hacer commit: Command '['git', 'commit', '-m', 'Actualización de datos: 2025-07-06 14:00:44']' returned non-zero exit status 1.
[main 7a1e9f2] Actualización de datos: 2025-07-06 14:20:07
 1 file changed, 1 insertion(+)
To https://github.com/mdeoca/Meteo.git
   044a430..7a1e9f2  main -> main
[2025-07-06 14:20:07.665086] Iniciando subida del CSV...
CSV copiado a: /home/mdeoca/TEMPE/bme688/Meteo/datos.csv
'datos.csv' añadido al staging.
Commit realizado.
Push a GitHub exitoso.
Proceso de subida completado.
[main d05a7f1] Actualización de datos: 2025-07-06 14:40:07
 1 file changed, 1 insertion(+)
To https://github.com/mdeoca/Meteo.git
   7a1e9f2..d05a7f1  main -> main
[2025-07-06 14:40:07.209554] Iniciando subida del CSV...
CSV copiado a: /home/mdeoca/TEMPE/bme688/Meteo/datos.csv
'datos.csv' añadido al staging.
Commit realizado.
Push a GitHub exitoso.
Proceso de subida completado.
En la rama main
Tu rama está actualizada con 'origin/main'.

Cambios no rastreados para el commit:
  (usa "git add <archivo>..." para actualizar lo que será confirmado)
  (usa "git restore <archivo>..." para descartar los cambios en el directorio de trabajo)
	modificados:     subir_csv.log

sin cambios agregados al commit (usa "git add" y/o "git commit -a")
[2025-07-06 15:00:08.124135] Iniciando subida del CSV...
CSV copiado a: /home/mdeoca/TEMPE/bme688/Meteo/datos.csv
'datos.csv' añadido al staging.
ERROR al hacer commit: Command '['git', 'commit', '-m', 'Actualización de datos: 2025-07-06 15:00:08']' returned non-zero exit status 1.
[main 5523ff9] Actualización de datos: 2025-07-06 15:20:07
 1 file changed, 1 insertion(+)
To https://github.com/mdeoca/Meteo.git
   d05a7f1..5523ff9  main -> main
[2025-07-06 15:20:07.083066] Iniciando subida del CSV...
CSV copiado a: /home/mdeoca/TEMPE/bme688/Meteo/datos.csv
'datos.csv' añadido al staging.
Commit realizado.
Push a GitHub exitoso.
Proceso de subida completado.
[main a31d7dc] Actualización de datos: 2025-07-06 15:40:07
 1 file changed, 1 insertion(+)
To https://github.com/mdeoca/Meteo.git
   5523ff9..a31d7dc  main -> main
[2025-07-06 15:40:07.049770] Iniciando subida del CSV...
CSV copiado a: /home/mdeoca/TEMPE/bme688/Meteo/datos.csv
'datos.csv' añadido al staging.
Commit realizado.
Push a GitHub exitoso.
Proceso de subida completado.
En la rama main
Tu rama está actualizada con 'origin/main'.

Cambios no rastreados para el commit:
  (usa "git add <archivo>..." para actualizar lo que será confirmado)
  (usa "git restore <archivo>..." para descartar los cambios en el directorio de trabajo)
	modificados:     subir_csv.log

sin cambios agregados al commit (usa "git add" y/o "git commit -a")
[2025-07-06 16:00:08.321903] Iniciando subida del CSV...
CSV copiado a: /home/mdeoca/TEMPE/bme688/Meteo/datos.csv
'datos.csv' añadido al staging.
ERROR al hacer commit: Command '['git', 'commit', '-m', 'Actualización de datos: 2025-07-06 16:00:08']' returned non-zero exit status 1.
[main 0599563] Actualización de datos: 2025-07-06 16:20:07
 1 file changed, 1 insertion(+)
To https://github.com/mdeoca/Meteo.git
   a31d7dc..0599563  main -> main
[2025-07-06 16:20:06.931403] Iniciando subida del CSV...
CSV copiado a: /home/mdeoca/TEMPE/bme688/Meteo/datos.csv
'datos.csv' añadido al staging.
Commit realizado.
Push a GitHub exitoso.
Proceso de subida completado.
[main 22ccce6] Actualización de datos: 2025-07-06 16:40:07
 1 file changed, 1 insertion(+)
To https://github.com/mdeoca/Meteo.git
   0599563..22ccce6  main -> main
[2025-07-06 16:40:07.671419] Iniciando subida del CSV...
CSV copiado a: /home/mdeoca/TEMPE/bme688/Meteo/datos.csv
'datos.csv' añadido al staging.
Commit realizado.
Push a GitHub exitoso.
Proceso de subida completado.
En la rama main
Tu rama está actualizada con 'origin/main'.

Cambios no rastreados para el commit:
  (usa "git add <archivo>..." para actualizar lo que será confirmado)
  (usa "git restore <archivo>..." para descartar los cambios en el directorio de trabajo)
	modificados:     subir_csv.log

sin cambios agregados al commit (usa "git add" y/o "git commit -a")
[2025-07-06 17:00:06.445503] Iniciando subida del CSV...
CSV copiado a: /home/mdeoca/TEMPE/bme688/Meteo/datos.csv
'datos.csv' añadido al staging.
ERROR al hacer commit: Command '['git', 'commit', '-m', 'Actualización de datos: 2025-07-06 17:00:06']' returned non-zero exit status 1.
[main 181d816] Actualización de datos: 2025-07-06 17:20:07
 1 file changed, 1 insertion(+)
To https://github.com/mdeoca/Meteo.git
   22ccce6..181d816  main -> main
[2025-07-06 17:20:07.696754] Iniciando subida del CSV...
CSV copiado a: /home/mdeoca/TEMPE/bme688/Meteo/datos.csv
'datos.csv' añadido al staging.
Commit realizado.
Push a GitHub exitoso.
Proceso de subida completado.
[main f25a32f] Actualización de datos: 2025-07-06 17:40:07
 1 file changed, 1 insertion(+)
To https://github.com/mdeoca/Meteo.git
   181d816..f25a32f  main -> main
[2025-07-06 17:40:06.998732] Iniciando subida del CSV...
CSV copiado a: /home/mdeoca/TEMPE/bme688/Meteo/datos.csv
'datos.csv' añadido al staging.
Commit realizado.
Push a GitHub exitoso.
Proceso de subida completado.
En la rama main
Tu rama está actualizada con 'origin/main'.

Cambios no rastreados para el commit:
  (usa "git add <archivo>..." para actualizar lo que será confirmado)
  (usa "git restore <archivo>..." para descartar los cambios en el directorio de trabajo)
	modificados:     subir_csv.log

sin cambios agregados al commit (usa "git add" y/o "git commit -a")
[2025-07-06 18:00:45.901105] Iniciando subida del CSV...
CSV copiado a: /home/mdeoca/TEMPE/bme688/Meteo/datos.csv
'datos.csv' añadido al staging.
ERROR al hacer commit: Command '['git', 'commit', '-m', 'Actualización de datos: 2025-07-06 18:00:45']' returned non-zero exit status 1.
[main 73d9350] Actualización de datos: 2025-07-06 18:20:07
 1 file changed, 1 insertion(+)
To https://github.com/mdeoca/Meteo.git
   f25a32f..73d9350  main -> main
[2025-07-06 18:20:07.642663] Iniciando subida del CSV...
CSV copiado a: /home/mdeoca/TEMPE/bme688/Meteo/datos.csv
'datos.csv' añadido al staging.
Commit realizado.
Push a GitHub exitoso.
Proceso de subida completado.
[main 5d1c079] Actualización de datos: 2025-07-06 18:40:07
 1 file changed, 1 insertion(+)
To https://github.com/mdeoca/Meteo.git
   73d9350..5d1c079  main -> main
[2025-07-06 18:40:06.953504] Iniciando subida del CSV...
CSV copiado a: /home/mdeoca/TEMPE/bme688/Meteo/datos.csv
'datos.csv' añadido al staging.
Commit realizado.
Push a GitHub exitoso.
Proceso de subida completado.
En la rama main
Tu rama está actualizada con 'origin/main'.

Cambios no rastreados para el commit:
  (usa "git add <archivo>..." para actualizar lo que será confirmado)
  (usa "git restore <archivo>..." para descartar los cambios en el directorio de trabajo)
	modificados:     subir_csv.log

sin cambios agregados al commit (usa "git add" y/o "git commit -a")
[2025-07-06 19:00:08.255954] Iniciando subida del CSV...
CSV copiado a: /home/mdeoca/TEMPE/bme688/Meteo/datos.csv
'datos.csv' añadido al staging.
ERROR al hacer commit: Command '['git', 'commit', '-m', 'Actualización de datos: 2025-07-06 19:00:08']' returned non-zero exit status 1.
[main 4452032] Actualización de datos: 2025-07-06 19:20:07
 1 file changed, 1 insertion(+)
To https://github.com/mdeoca/Meteo.git
   5d1c079..4452032  main -> main
[2025-07-06 19:20:07.134199] Iniciando subida del CSV...
CSV copiado a: /home/mdeoca/TEMPE/bme688/Meteo/datos.csv
'datos.csv' añadido al staging.
Commit realizado.
Push a GitHub exitoso.
Proceso de subida completado.
[main 8629123] Actualización de datos: 2025-07-06 19:40:07
 1 file changed, 1 insertion(+)
To https://github.com/mdeoca/Meteo.git
   4452032..8629123  main -> main
[2025-07-06 19:40:07.644505] Iniciando subida del CSV...
CSV copiado a: /home/mdeoca/TEMPE/bme688/Meteo/datos.csv
'datos.csv' añadido al staging.
Commit realizado.
Push a GitHub exitoso.
Proceso de subida completado.
En la rama main
Tu rama está actualizada con 'origin/main'.

Cambios no rastreados para el commit:
  (usa "git add <archivo>..." para actualizar lo que será confirmado)
  (usa "git restore <archivo>..." para descartar los cambios en el directorio de trabajo)
	modificados:     subir_csv.log

sin cambios agregados al commit (usa "git add" y/o "git commit -a")
[2025-07-06 20:00:05.939223] Iniciando subida del CSV...
CSV copiado a: /home/mdeoca/TEMPE/bme688/Meteo/datos.csv
'datos.csv' añadido al staging.
ERROR al hacer commit: Command '['git', 'commit', '-m', 'Actualización de datos: 2025-07-06 20:00:05']' returned non-zero exit status 1.
[main 947a630] Actualización de datos: 2025-07-06 20:20:06
 1 file changed, 1 insertion(+)
To https://github.com/mdeoca/Meteo.git
   8629123..947a630  main -> main
[2025-07-06 20:20:06.733564] Iniciando subida del CSV...
CSV copiado a: /home/mdeoca/TEMPE/bme688/Meteo/datos.csv
'datos.csv' añadido al staging.
Commit realizado.
Push a GitHub exitoso.
Proceso de subida completado.
[main c613020] Actualización de datos: 2025-07-06 20:40:07
 1 file changed, 1 insertion(+)
To https://github.com/mdeoca/Meteo.git
   947a630..c613020  main -> main
[2025-07-06 20:40:07.228039] Iniciando subida del CSV...
CSV copiado a: /home/mdeoca/TEMPE/bme688/Meteo/datos.csv
'datos.csv' añadido al staging.
Commit realizado.
Push a GitHub exitoso.
Proceso de subida completado.
En la rama main
Tu rama está actualizada con 'origin/main'.

Cambios no rastreados para el commit:
  (usa "git add <archivo>..." para actualizar lo que será confirmado)
  (usa "git restore <archivo>..." para descartar los cambios en el directorio de trabajo)
	modificados:     subir_csv.log

sin cambios agregados al commit (usa "git add" y/o "git commit -a")
[2025-07-06 21:00:08.037730] Iniciando subida del CSV...
CSV copiado a: /home/mdeoca/TEMPE/bme688/Meteo/datos.csv
'datos.csv' añadido al staging.
ERROR al hacer commit: Command '['git', 'commit', '-m', 'Actualización de datos: 2025-07-06 21:00:08']' returned non-zero exit status 1.
[main f605f9a] Actualización de datos: 2025-07-06 21:21:01
 1 file changed, 1 insertion(+)
To https://github.com/mdeoca/Meteo.git
   c613020..f605f9a  main -> main
[2025-07-06 21:21:01.850575] Iniciando subida del CSV...
CSV copiado a: /home/mdeoca/TEMPE/bme688/Meteo/datos.csv
'datos.csv' añadido al staging.
Commit realizado.
Push a GitHub exitoso.
Proceso de subida completado.
[main 8feface] Actualización de datos: 2025-07-06 21:40:07
 1 file changed, 1 insertion(+)
To https://github.com/mdeoca/Meteo.git
   f605f9a..8feface  main -> main
[2025-07-06 21:40:07.389153] Iniciando subida del CSV...
CSV copiado a: /home/mdeoca/TEMPE/bme688/Meteo/datos.csv
'datos.csv' añadido al staging.
Commit realizado.
Push a GitHub exitoso.
Proceso de subida completado.
En la rama main
Tu rama está actualizada con 'origin/main'.

Cambios no rastreados para el commit:
  (usa "git add <archivo>..." para actualizar lo que será confirmado)
  (usa "git restore <archivo>..." para descartar los cambios en el directorio de trabajo)
	modificados:     subir_csv.log

sin cambios agregados al commit (usa "git add" y/o "git commit -a")
[2025-07-06 22:00:45.257198] Iniciando subida del CSV...
CSV copiado a: /home/mdeoca/TEMPE/bme688/Meteo/datos.csv
'datos.csv' añadido al staging.
ERROR al hacer commit: Command '['git', 'commit', '-m', 'Actualización de datos: 2025-07-06 22:00:45']' returned non-zero exit status 1.
[main 0bc1e9a] Actualización de datos: 2025-07-06 22:20:07
 1 file changed, 1 insertion(+)
To https://github.com/mdeoca/Meteo.git
   8feface..0bc1e9a  main -> main
[2025-07-06 22:20:07.198218] Iniciando subida del CSV...
CSV copiado a: /home/mdeoca/TEMPE/bme688/Meteo/datos.csv
'datos.csv' añadido al staging.
Commit realizado.
Push a GitHub exitoso.
Proceso de subida completado.
[main 2cbec1b] Actualización de datos: 2025-07-06 22:40:06
 1 file changed, 1 insertion(+)
To https://github.com/mdeoca/Meteo.git
   0bc1e9a..2cbec1b  main -> main
[2025-07-06 22:40:06.888259] Iniciando subida del CSV...
CSV copiado a: /home/mdeoca/TEMPE/bme688/Meteo/datos.csv
'datos.csv' añadido al staging.
Commit realizado.
Push a GitHub exitoso.
Proceso de subida completado.
En la rama main
Tu rama está actualizada con 'origin/main'.

Cambios no rastreados para el commit:
  (usa "git add <archivo>..." para actualizar lo que será confirmado)
  (usa "git restore <archivo>..." para descartar los cambios en el directorio de trabajo)
	modificados:     subir_csv.log

sin cambios agregados al commit (usa "git add" y/o "git commit -a")
[2025-07-06 23:00:05.561580] Iniciando subida del CSV...
CSV copiado a: /home/mdeoca/TEMPE/bme688/Meteo/datos.csv
'datos.csv' añadido al staging.
ERROR al hacer commit: Command '['git', 'commit', '-m', 'Actualización de datos: 2025-07-06 23:00:05']' returned non-zero exit status 1.
[main aec8ce2] Actualización de datos: 2025-07-06 23:20:07
 1 file changed, 1 insertion(+)
To https://github.com/mdeoca/Meteo.git
   2cbec1b..aec8ce2  main -> main
[2025-07-06 23:20:07.280490] Iniciando subida del CSV...
CSV copiado a: /home/mdeoca/TEMPE/bme688/Meteo/datos.csv
'datos.csv' añadido al staging.
Commit realizado.
Push a GitHub exitoso.
Proceso de subida completado.
[main 3d219fb] Actualización de datos: 2025-07-06 23:40:06
 1 file changed, 1 insertion(+)
To https://github.com/mdeoca/Meteo.git
   aec8ce2..3d219fb  main -> main
[2025-07-06 23:40:06.863223] Iniciando subida del CSV...
CSV copiado a: /home/mdeoca/TEMPE/bme688/Meteo/datos.csv
'datos.csv' añadido al staging.
Commit realizado.
Push a GitHub exitoso.
Proceso de subida completado.
En la rama main
Tu rama está actualizada con 'origin/main'.

Cambios no rastreados para el commit:
  (usa "git add <archivo>..." para actualizar lo que será confirmado)
  (usa "git restore <archivo>..." para descartar los cambios en el directorio de trabajo)
	modificados:     subir_csv.log

sin cambios agregados al commit (usa "git add" y/o "git commit -a")
[2025-07-07 00:00:58.905242] Iniciando subida del CSV...
CSV copiado a: /home/mdeoca/TEMPE/bme688/Meteo/datos.csv
'datos.csv' añadido al staging.
ERROR al hacer commit: Command '['git', 'commit', '-m', 'Actualización de datos: 2025-07-07 00:00:58']' returned non-zero exit status 1.
[main 38fb3ae] Actualización de datos: 2025-07-07 00:20:07
 1 file changed, 1 insertion(+)
To https://github.com/mdeoca/Meteo.git
   3d219fb..38fb3ae  main -> main
[2025-07-07 00:20:07.563153] Iniciando subida del CSV...
CSV copiado a: /home/mdeoca/TEMPE/bme688/Meteo/datos.csv
'datos.csv' añadido al staging.
Commit realizado.
Push a GitHub exitoso.
Proceso de subida completado.
[main 60748a5] Actualización de datos: 2025-07-07 00:40:07
 1 file changed, 1 insertion(+)
To https://github.com/mdeoca/Meteo.git
   38fb3ae..60748a5  main -> main
[2025-07-07 00:40:07.695712] Iniciando subida del CSV...
CSV copiado a: /home/mdeoca/TEMPE/bme688/Meteo/datos.csv
'datos.csv' añadido al staging.
Commit realizado.
Push a GitHub exitoso.
Proceso de subida completado.
En la rama main
Tu rama está actualizada con 'origin/main'.

Cambios no rastreados para el commit:
  (usa "git add <archivo>..." para actualizar lo que será confirmado)
  (usa "git restore <archivo>..." para descartar los cambios en el directorio de trabajo)
	modificados:     subir_csv.log

sin cambios agregados al commit (usa "git add" y/o "git commit -a")
[2025-07-07 01:00:09.614477] Iniciando subida del CSV...
CSV copiado a: /home/mdeoca/TEMPE/bme688/Meteo/datos.csv
'datos.csv' añadido al staging.
ERROR al hacer commit: Command '['git', 'commit', '-m', 'Actualización de datos: 2025-07-07 01:00:09']' returned non-zero exit status 1.
[main 8770f28] Actualización de datos: 2025-07-07 01:20:07
 1 file changed, 1 insertion(+)
To https://github.com/mdeoca/Meteo.git
   60748a5..8770f28  main -> main
[2025-07-07 01:20:07.188897] Iniciando subida del CSV...
CSV copiado a: /home/mdeoca/TEMPE/bme688/Meteo/datos.csv
'datos.csv' añadido al staging.
Commit realizado.
Push a GitHub exitoso.
Proceso de subida completado.
[main 03ed730] Actualización de datos: 2025-07-07 01:40:07
 1 file changed, 1 insertion(+)
To https://github.com/mdeoca/Meteo.git
   8770f28..03ed730  main -> main
[2025-07-07 01:40:07.209676] Iniciando subida del CSV...
CSV copiado a: /home/mdeoca/TEMPE/bme688/Meteo/datos.csv
'datos.csv' añadido al staging.
Commit realizado.
Push a GitHub exitoso.
Proceso de subida completado.
En la rama main
Tu rama está actualizada con 'origin/main'.

Cambios no rastreados para el commit:
  (usa "git add <archivo>..." para actualizar lo que será confirmado)
  (usa "git restore <archivo>..." para descartar los cambios en el directorio de trabajo)
	modificados:     subir_csv.log

sin cambios agregados al commit (usa "git add" y/o "git commit -a")
[2025-07-07 02:00:05.433720] Iniciando subida del CSV...
CSV copiado a: /home/mdeoca/TEMPE/bme688/Meteo/datos.csv
'datos.csv' añadido al staging.
ERROR al hacer commit: Command '['git', 'commit', '-m', 'Actualización de datos: 2025-07-07 02:00:05']' returned non-zero exit status 1.
[main 10b46f1] Actualización de datos: 2025-07-07 02:20:07
 1 file changed, 1 insertion(+)
To https://github.com/mdeoca/Meteo.git
   03ed730..10b46f1  main -> main
[2025-07-07 02:20:07.214428] Iniciando subida del CSV...
CSV copiado a: /home/mdeoca/TEMPE/bme688/Meteo/datos.csv
'datos.csv' añadido al staging.
Commit realizado.
Push a GitHub exitoso.
Proceso de subida completado.
[main 882bd8b] Actualización de datos: 2025-07-07 02:40:07
 1 file changed, 1 insertion(+)
To https://github.com/mdeoca/Meteo.git
   10b46f1..882bd8b  main -> main
[2025-07-07 02:40:07.609297] Iniciando subida del CSV...
CSV copiado a: /home/mdeoca/TEMPE/bme688/Meteo/datos.csv
'datos.csv' añadido al staging.
Commit realizado.
Push a GitHub exitoso.
Proceso de subida completado.
En la rama main
Tu rama está actualizada con 'origin/main'.

Cambios no rastreados para el commit:
  (usa "git add <archivo>..." para actualizar lo que será confirmado)
  (usa "git restore <archivo>..." para descartar los cambios en el directorio de trabajo)
	modificados:     subir_csv.log

sin cambios agregados al commit (usa "git add" y/o "git commit -a")
[2025-07-07 03:00:05.737479] Iniciando subida del CSV...
CSV copiado a: /home/mdeoca/TEMPE/bme688/Meteo/datos.csv
'datos.csv' añadido al staging.
ERROR al hacer commit: Command '['git', 'commit', '-m', 'Actualización de datos: 2025-07-07 03:00:05']' returned non-zero exit status 1.
[main 208eb75] Actualización de datos: 2025-07-07 03:20:07
 1 file changed, 1 insertion(+)
To https://github.com/mdeoca/Meteo.git
   882bd8b..208eb75  main -> main
[2025-07-07 03:20:07.714495] Iniciando subida del CSV...
CSV copiado a: /home/mdeoca/TEMPE/bme688/Meteo/datos.csv
'datos.csv' añadido al staging.
Commit realizado.
Push a GitHub exitoso.
Proceso de subida completado.
[main f243a4c] Actualización de datos: 2025-07-07 03:40:07
 1 file changed, 1 insertion(+)
To https://github.com/mdeoca/Meteo.git
   208eb75..f243a4c  main -> main
[2025-07-07 03:40:07.719949] Iniciando subida del CSV...
CSV copiado a: /home/mdeoca/TEMPE/bme688/Meteo/datos.csv
'datos.csv' añadido al staging.
Commit realizado.
Push a GitHub exitoso.
Proceso de subida completado.
En la rama main
Tu rama está actualizada con 'origin/main'.

Cambios no rastreados para el commit:
  (usa "git add <archivo>..." para actualizar lo que será confirmado)
  (usa "git restore <archivo>..." para descartar los cambios en el directorio de trabajo)
	modificados:     subir_csv.log

sin cambios agregados al commit (usa "git add" y/o "git commit -a")
[2025-07-07 04:00:05.871660] Iniciando subida del CSV...
CSV copiado a: /home/mdeoca/TEMPE/bme688/Meteo/datos.csv
'datos.csv' añadido al staging.
ERROR al hacer commit: Command '['git', 'commit', '-m', 'Actualización de datos: 2025-07-07 04:00:05']' returned non-zero exit status 1.
[main 0d30443] Actualización de datos: 2025-07-07 04:20:08
 1 file changed, 1 insertion(+)
To https://github.com/mdeoca/Meteo.git
   f243a4c..0d30443  main -> main
[2025-07-07 04:20:08.144292] Iniciando subida del CSV...
CSV copiado a: /home/mdeoca/TEMPE/bme688/Meteo/datos.csv
'datos.csv' añadido al staging.
Commit realizado.
Push a GitHub exitoso.
Proceso de subida completado.
[main 0db7027] Actualización de datos: 2025-07-07 04:40:07
 1 file changed, 1 insertion(+)
To https://github.com/mdeoca/Meteo.git
   0d30443..0db7027  main -> main
[2025-07-07 04:40:07.233331] Iniciando subida del CSV...
CSV copiado a: /home/mdeoca/TEMPE/bme688/Meteo/datos.csv
'datos.csv' añadido al staging.
Commit realizado.
Push a GitHub exitoso.
Proceso de subida completado.
En la rama main
Tu rama está actualizada con 'origin/main'.

Cambios no rastreados para el commit:
  (usa "git add <archivo>..." para actualizar lo que será confirmado)
  (usa "git restore <archivo>..." para descartar los cambios en el directorio de trabajo)
	modificados:     subir_csv.log

sin cambios agregados al commit (usa "git add" y/o "git commit -a")
[2025-07-07 05:00:05.282478] Iniciando subida del CSV...
CSV copiado a: /home/mdeoca/TEMPE/bme688/Meteo/datos.csv
'datos.csv' añadido al staging.
ERROR al hacer commit: Command '['git', 'commit', '-m', 'Actualización de datos: 2025-07-07 05:00:05']' returned non-zero exit status 1.
[main 9126bc5] Actualización de datos: 2025-07-07 05:20:07
 1 file changed, 1 insertion(+)
To https://github.com/mdeoca/Meteo.git
   0db7027..9126bc5  main -> main
[2025-07-07 05:20:07.710549] Iniciando subida del CSV...
CSV copiado a: /home/mdeoca/TEMPE/bme688/Meteo/datos.csv
'datos.csv' añadido al staging.
Commit realizado.
Push a GitHub exitoso.
Proceso de subida completado.
[main c4b5de4] Actualización de datos: 2025-07-07 05:40:07
 1 file changed, 1 insertion(+)
To https://github.com/mdeoca/Meteo.git
   9126bc5..c4b5de4  main -> main
[2025-07-07 05:40:06.960423] Iniciando subida del CSV...
CSV copiado a: /home/mdeoca/TEMPE/bme688/Meteo/datos.csv
'datos.csv' añadido al staging.
Commit realizado.
Push a GitHub exitoso.
Proceso de subida completado.
En la rama main
Tu rama está actualizada con 'origin/main'.

Cambios no rastreados para el commit:
  (usa "git add <archivo>..." para actualizar lo que será confirmado)
  (usa "git restore <archivo>..." para descartar los cambios en el directorio de trabajo)
	modificados:     subir_csv.log

sin cambios agregados al commit (usa "git add" y/o "git commit -a")
[2025-07-07 06:00:05.657667] Iniciando subida del CSV...
CSV copiado a: /home/mdeoca/TEMPE/bme688/Meteo/datos.csv
'datos.csv' añadido al staging.
ERROR al hacer commit: Command '['git', 'commit', '-m', 'Actualización de datos: 2025-07-07 06:00:05']' returned non-zero exit status 1.
[main 268719c] Actualización de datos: 2025-07-07 06:20:08
 1 file changed, 1 insertion(+)
To https://github.com/mdeoca/Meteo.git
   c4b5de4..268719c  main -> main
[2025-07-07 06:20:08.222798] Iniciando subida del CSV...
CSV copiado a: /home/mdeoca/TEMPE/bme688/Meteo/datos.csv
'datos.csv' añadido al staging.
Commit realizado.
Push a GitHub exitoso.
Proceso de subida completado.
[main 1881286] Actualización de datos: 2025-07-07 06:40:07
 1 file changed, 1 insertion(+)
To https://github.com/mdeoca/Meteo.git
   268719c..1881286  main -> main
[2025-07-07 06:40:07.541916] Iniciando subida del CSV...
CSV copiado a: /home/mdeoca/TEMPE/bme688/Meteo/datos.csv
'datos.csv' añadido al staging.
Commit realizado.
Push a GitHub exitoso.
Proceso de subida completado.
En la rama main
Tu rama está actualizada con 'origin/main'.

Cambios no rastreados para el commit:
  (usa "git add <archivo>..." para actualizar lo que será confirmado)
  (usa "git restore <archivo>..." para descartar los cambios en el directorio de trabajo)
	modificados:     subir_csv.log

sin cambios agregados al commit (usa "git add" y/o "git commit -a")
[2025-07-07 07:00:05.570280] Iniciando subida del CSV...
CSV copiado a: /home/mdeoca/TEMPE/bme688/Meteo/datos.csv
'datos.csv' añadido al staging.
ERROR al hacer commit: Command '['git', 'commit', '-m', 'Actualización de datos: 2025-07-07 07:00:05']' returned non-zero exit status 1.
[main 5a3c19e] Actualización de datos: 2025-07-07 07:20:07
 1 file changed, 1 insertion(+)
To https://github.com/mdeoca/Meteo.git
 ! [rejected]        main -> main (fetch first)
error: falló el empuje de algunas referencias a 'https://github.com/mdeoca/Meteo.git'
ayuda: Actualizaciones fueron rechazadas porque el remoto contiene trabajo que
ayuda: no existe localmente. Esto es causado usualmente por otro repositorio
ayuda: empujando a la misma ref. Quizás quieras integrar primero los cambios
ayuda: remotos (ej. 'git pull ...') antes de volver a hacer push.
ayuda: Mira 'Notes about fast-forwards' en 'git push --help' para detalles.
[2025-07-07 07:20:07.677189] Iniciando subida del CSV...
CSV copiado a: /home/mdeoca/TEMPE/bme688/Meteo/datos.csv
'datos.csv' añadido al staging.
Commit realizado.
ERROR al hacer push a GitHub: Command '['git', 'push']' returned non-zero exit status 1.
[main bd7f15b] Actualización de datos: 2025-07-07 07:40:08
 1 file changed, 1 insertion(+)
To https://github.com/mdeoca/Meteo.git
 ! [rejected]        main -> main (fetch first)
error: falló el empuje de algunas referencias a 'https://github.com/mdeoca/Meteo.git'
ayuda: Actualizaciones fueron rechazadas porque el remoto contiene trabajo que
ayuda: no existe localmente. Esto es causado usualmente por otro repositorio
ayuda: empujando a la misma ref. Quizás quieras integrar primero los cambios
ayuda: remotos (ej. 'git pull ...') antes de volver a hacer push.
ayuda: Mira 'Notes about fast-forwards' en 'git push --help' para detalles.
[2025-07-07 07:40:07.924001] Iniciando subida del CSV...
CSV copiado a: /home/mdeoca/TEMPE/bme688/Meteo/datos.csv
'datos.csv' añadido al staging.
Commit realizado.
ERROR al hacer push a GitHub: Command '['git', 'push']' returned non-zero exit status 1.
En la rama main
Tu rama está adelantada a 'origin/main' por 2 commits.
  (usa "git push" para publicar tus commits locales)

Cambios no rastreados para el commit:
  (usa "git add <archivo>..." para actualizar lo que será confirmado)
  (usa "git restore <archivo>..." para descartar los cambios en el directorio de trabajo)
	modificados:     subir_csv.log

sin cambios agregados al commit (usa "git add" y/o "git commit -a")
[2025-07-07 08:00:08.371210] Iniciando subida del CSV...
CSV copiado a: /home/mdeoca/TEMPE/bme688/Meteo/datos.csv
'datos.csv' añadido al staging.
ERROR al hacer commit: Command '['git', 'commit', '-m', 'Actualización de datos: 2025-07-07 08:00:08']' returned non-zero exit status 1.
[main fd3edc2] Actualización de datos: 2025-07-07 08:20:07
 1 file changed, 1 insertion(+)
To https://github.com/mdeoca/Meteo.git
 ! [rejected]        main -> main (fetch first)
error: falló el empuje de algunas referencias a 'https://github.com/mdeoca/Meteo.git'
ayuda: Actualizaciones fueron rechazadas porque el remoto contiene trabajo que
ayuda: no existe localmente. Esto es causado usualmente por otro repositorio
ayuda: empujando a la misma ref. Quizás quieras integrar primero los cambios
ayuda: remotos (ej. 'git pull ...') antes de volver a hacer push.
ayuda: Mira 'Notes about fast-forwards' en 'git push --help' para detalles.
[2025-07-07 08:20:07.506120] Iniciando subida del CSV...
CSV copiado a: /home/mdeoca/TEMPE/bme688/Meteo/datos.csv
'datos.csv' añadido al staging.
Commit realizado.
ERROR al hacer push a GitHub: Command '['git', 'push']' returned non-zero exit status 1.
[main bd73d2a] Actualización de datos: 2025-07-07 08:40:07
 1 file changed, 1 insertion(+)
To https://github.com/mdeoca/Meteo.git
 ! [rejected]        main -> main (fetch first)
error: falló el empuje de algunas referencias a 'https://github.com/mdeoca/Meteo.git'
ayuda: Actualizaciones fueron rechazadas porque el remoto contiene trabajo que
ayuda: no existe localmente. Esto es causado usualmente por otro repositorio
ayuda: empujando a la misma ref. Quizás quieras integrar primero los cambios
ayuda: remotos (ej. 'git pull ...') antes de volver a hacer push.
ayuda: Mira 'Notes about fast-forwards' en 'git push --help' para detalles.
[2025-07-07 08:40:07.136891] Iniciando subida del CSV...
CSV copiado a: /home/mdeoca/TEMPE/bme688/Meteo/datos.csv
'datos.csv' añadido al staging.
Commit realizado.
ERROR al hacer push a GitHub: Command '['git', 'push']' returned non-zero exit status 1.
En la rama main
Tu rama está adelantada a 'origin/main' por 4 commits.
  (usa "git push" para publicar tus commits locales)

Cambios no rastreados para el commit:
  (usa "git add <archivo>..." para actualizar lo que será confirmado)
  (usa "git restore <archivo>..." para descartar los cambios en el directorio de trabajo)
	modificados:     subir_csv.log

sin cambios agregados al commit (usa "git add" y/o "git commit -a")
[2025-07-07 09:00:42.614847] Iniciando subida del CSV...
CSV copiado a: /home/mdeoca/TEMPE/bme688/Meteo/datos.csv
'datos.csv' añadido al staging.
ERROR al hacer commit: Command '['git', 'commit', '-m', 'Actualización de datos: 2025-07-07 09:00:42']' returned non-zero exit status 1.
[main b613938] Actualización de datos: 2025-07-07 09:20:07
 1 file changed, 1 insertion(+)
To https://github.com/mdeoca/Meteo.git
 ! [rejected]        main -> main (fetch first)
error: falló el empuje de algunas referencias a 'https://github.com/mdeoca/Meteo.git'
ayuda: Actualizaciones fueron rechazadas porque el remoto contiene trabajo que
ayuda: no existe localmente. Esto es causado usualmente por otro repositorio
ayuda: empujando a la misma ref. Quizás quieras integrar primero los cambios
ayuda: remotos (ej. 'git pull ...') antes de volver a hacer push.
ayuda: Mira 'Notes about fast-forwards' en 'git push --help' para detalles.
[2025-07-07 09:20:07.833522] Iniciando subida del CSV...
CSV copiado a: /home/mdeoca/TEMPE/bme688/Meteo/datos.csv
'datos.csv' añadido al staging.
Commit realizado.
ERROR al hacer push a GitHub: Command '['git', 'push']' returned non-zero exit status 1.
[main e2fd330] Actualización de datos: 2025-07-07 09:40:08
 1 file changed, 1 insertion(+)
To https://github.com/mdeoca/Meteo.git
 ! [rejected]        main -> main (fetch first)
error: falló el empuje de algunas referencias a 'https://github.com/mdeoca/Meteo.git'
ayuda: Actualizaciones fueron rechazadas porque el remoto contiene trabajo que
ayuda: no existe localmente. Esto es causado usualmente por otro repositorio
ayuda: empujando a la misma ref. Quizás quieras integrar primero los cambios
ayuda: remotos (ej. 'git pull ...') antes de volver a hacer push.
ayuda: Mira 'Notes about fast-forwards' en 'git push --help' para detalles.
[2025-07-07 09:40:08.847072] Iniciando subida del CSV...
CSV copiado a: /home/mdeoca/TEMPE/bme688/Meteo/datos.csv
'datos.csv' añadido al staging.
Commit realizado.
ERROR al hacer push a GitHub: Command '['git', 'push']' returned non-zero exit status 1.
En la rama main
Tu rama está adelantada a 'origin/main' por 6 commits.
  (usa "git push" para publicar tus commits locales)

Cambios no rastreados para el commit:
  (usa "git add <archivo>..." para actualizar lo que será confirmado)
  (usa "git restore <archivo>..." para descartar los cambios en el directorio de trabajo)
	modificados:     subir_csv.log

sin cambios agregados al commit (usa "git add" y/o "git commit -a")
[2025-07-07 10:01:47.826978] Iniciando subida del CSV...
CSV copiado a: /home/mdeoca/TEMPE/bme688/Meteo/datos.csv
'datos.csv' añadido al staging.
ERROR al hacer commit: Command '['git', 'commit', '-m', 'Actualización de datos: 2025-07-07 10:01:47']' returned non-zero exit status 1.
[main 8827938] Actualización de datos: 2025-07-07 10:20:10
 1 file changed, 1 insertion(+)
To https://github.com/mdeoca/Meteo.git
 ! [rejected]        main -> main (fetch first)
error: falló el empuje de algunas referencias a 'https://github.com/mdeoca/Meteo.git'
ayuda: Actualizaciones fueron rechazadas porque el remoto contiene trabajo que
ayuda: no existe localmente. Esto es causado usualmente por otro repositorio
ayuda: empujando a la misma ref. Quizás quieras integrar primero los cambios
ayuda: remotos (ej. 'git pull ...') antes de volver a hacer push.
ayuda: Mira 'Notes about fast-forwards' en 'git push --help' para detalles.
[2025-07-07 10:20:10.060691] Iniciando subida del CSV...
CSV copiado a: /home/mdeoca/TEMPE/bme688/Meteo/datos.csv
'datos.csv' añadido al staging.
Commit realizado.
ERROR al hacer push a GitHub: Command '['git', 'push']' returned non-zero exit status 1.
[main 66ce90d] Actualización de datos: 2025-07-07 10:40:08
 1 file changed, 1 insertion(+)
To https://github.com/mdeoca/Meteo.git
 ! [rejected]        main -> main (fetch first)
error: falló el empuje de algunas referencias a 'https://github.com/mdeoca/Meteo.git'
ayuda: Actualizaciones fueron rechazadas porque el remoto contiene trabajo que
ayuda: no existe localmente. Esto es causado usualmente por otro repositorio
ayuda: empujando a la misma ref. Quizás quieras integrar primero los cambios
ayuda: remotos (ej. 'git pull ...') antes de volver a hacer push.
ayuda: Mira 'Notes about fast-forwards' en 'git push --help' para detalles.
[2025-07-07 10:40:07.988738] Iniciando subida del CSV...
CSV copiado a: /home/mdeoca/TEMPE/bme688/Meteo/datos.csv
'datos.csv' añadido al staging.
Commit realizado.
ERROR al hacer push a GitHub: Command '['git', 'push']' returned non-zero exit status 1.
En la rama main
Tu rama está adelantada a 'origin/main' por 8 commits.
  (usa "git push" para publicar tus commits locales)

Cambios no rastreados para el commit:
  (usa "git add <archivo>..." para actualizar lo que será confirmado)
  (usa "git restore <archivo>..." para descartar los cambios en el directorio de trabajo)
	modificados:     subir_csv.log

sin cambios agregados al commit (usa "git add" y/o "git commit -a")
[2025-07-07 11:00:08.687413] Iniciando subida del CSV...
CSV copiado a: /home/mdeoca/TEMPE/bme688/Meteo/datos.csv
'datos.csv' añadido al staging.
ERROR al hacer commit: Command '['git', 'commit', '-m', 'Actualización de datos: 2025-07-07 11:00:08']' returned non-zero exit status 1.
[main 0d864b5] Actualización de datos: 2025-07-07 11:20:07
 1 file changed, 1 insertion(+)
To https://github.com/mdeoca/Meteo.git
 ! [rejected]        main -> main (fetch first)
error: falló el empuje de algunas referencias a 'https://github.com/mdeoca/Meteo.git'
ayuda: Actualizaciones fueron rechazadas porque el remoto contiene trabajo que
ayuda: no existe localmente. Esto es causado usualmente por otro repositorio
ayuda: empujando a la misma ref. Quizás quieras integrar primero los cambios
ayuda: remotos (ej. 'git pull ...') antes de volver a hacer push.
ayuda: Mira 'Notes about fast-forwards' en 'git push --help' para detalles.
[2025-07-07 11:20:07.891208] Iniciando subida del CSV...
CSV copiado a: /home/mdeoca/TEMPE/bme688/Meteo/datos.csv
'datos.csv' añadido al staging.
Commit realizado.
ERROR al hacer push a GitHub: Command '['git', 'push']' returned non-zero exit status 1.
[main d250acc] Actualización de datos: 2025-07-07 11:40:08
 1 file changed, 1 insertion(+)
To https://github.com/mdeoca/Meteo.git
 ! [rejected]        main -> main (fetch first)
error: falló el empuje de algunas referencias a 'https://github.com/mdeoca/Meteo.git'
ayuda: Actualizaciones fueron rechazadas porque el remoto contiene trabajo que
ayuda: no existe localmente. Esto es causado usualmente por otro repositorio
ayuda: empujando a la misma ref. Quizás quieras integrar primero los cambios
ayuda: remotos (ej. 'git pull ...') antes de volver a hacer push.
ayuda: Mira 'Notes about fast-forwards' en 'git push --help' para detalles.
[2025-07-07 11:40:07.786856] Iniciando subida del CSV...
CSV copiado a: /home/mdeoca/TEMPE/bme688/Meteo/datos.csv
'datos.csv' añadido al staging.
Commit realizado.
ERROR al hacer push a GitHub: Command '['git', 'push']' returned non-zero exit status 1.
En la rama main
Tu rama está adelantada a 'origin/main' por 10 commits.
  (usa "git push" para publicar tus commits locales)

Cambios no rastreados para el commit:
  (usa "git add <archivo>..." para actualizar lo que será confirmado)
  (usa "git restore <archivo>..." para descartar los cambios en el directorio de trabajo)
	modificados:     subir_csv.log

sin cambios agregados al commit (usa "git add" y/o "git commit -a")
[2025-07-07 12:00:06.312698] Iniciando subida del CSV...
CSV copiado a: /home/mdeoca/TEMPE/bme688/Meteo/datos.csv
'datos.csv' añadido al staging.
ERROR al hacer commit: Command '['git', 'commit', '-m', 'Actualización de datos: 2025-07-07 12:00:06']' returned non-zero exit status 1.
[main f6ca6f9] Actualización de datos: 2025-07-07 12:20:07
 1 file changed, 1 insertion(+)
To https://github.com/mdeoca/Meteo.git
 ! [rejected]        main -> main (fetch first)
error: falló el empuje de algunas referencias a 'https://github.com/mdeoca/Meteo.git'
ayuda: Actualizaciones fueron rechazadas porque el remoto contiene trabajo que
ayuda: no existe localmente. Esto es causado usualmente por otro repositorio
ayuda: empujando a la misma ref. Quizás quieras integrar primero los cambios
ayuda: remotos (ej. 'git pull ...') antes de volver a hacer push.
ayuda: Mira 'Notes about fast-forwards' en 'git push --help' para detalles.
[2025-07-07 12:20:07.453470] Iniciando subida del CSV...
CSV copiado a: /home/mdeoca/TEMPE/bme688/Meteo/datos.csv
'datos.csv' añadido al staging.
Commit realizado.
ERROR al hacer push a GitHub: Command '['git', 'push']' returned non-zero exit status 1.
[main c4cad48] Actualización de datos: 2025-07-07 12:40:07
 1 file changed, 1 insertion(+)
To https://github.com/mdeoca/Meteo.git
 ! [rejected]        main -> main (fetch first)
error: falló el empuje de algunas referencias a 'https://github.com/mdeoca/Meteo.git'
ayuda: Actualizaciones fueron rechazadas porque el remoto contiene trabajo que
ayuda: no existe localmente. Esto es causado usualmente por otro repositorio
ayuda: empujando a la misma ref. Quizás quieras integrar primero los cambios
ayuda: remotos (ej. 'git pull ...') antes de volver a hacer push.
ayuda: Mira 'Notes about fast-forwards' en 'git push --help' para detalles.
[2025-07-07 12:40:07.533802] Iniciando subida del CSV...
CSV copiado a: /home/mdeoca/TEMPE/bme688/Meteo/datos.csv
'datos.csv' añadido al staging.
Commit realizado.
ERROR al hacer push a GitHub: Command '['git', 'push']' returned non-zero exit status 1.
En la rama main
Tu rama está adelantada a 'origin/main' por 12 commits.
  (usa "git push" para publicar tus commits locales)

Cambios no rastreados para el commit:
  (usa "git add <archivo>..." para actualizar lo que será confirmado)
  (usa "git restore <archivo>..." para descartar los cambios en el directorio de trabajo)
	modificados:     subir_csv.log

sin cambios agregados al commit (usa "git add" y/o "git commit -a")
[2025-07-07 13:00:05.290981] Iniciando subida del CSV...
CSV copiado a: /home/mdeoca/TEMPE/bme688/Meteo/datos.csv
'datos.csv' añadido al staging.
ERROR al hacer commit: Command '['git', 'commit', '-m', 'Actualización de datos: 2025-07-07 13:00:05']' returned non-zero exit status 1.
[main 42773ae] Actualización de datos: 2025-07-07 13:20:07
 1 file changed, 1 insertion(+)
To https://github.com/mdeoca/Meteo.git
 ! [rejected]        main -> main (fetch first)
error: falló el empuje de algunas referencias a 'https://github.com/mdeoca/Meteo.git'
ayuda: Actualizaciones fueron rechazadas porque el remoto contiene trabajo que
ayuda: no existe localmente. Esto es causado usualmente por otro repositorio
ayuda: empujando a la misma ref. Quizás quieras integrar primero los cambios
ayuda: remotos (ej. 'git pull ...') antes de volver a hacer push.
ayuda: Mira 'Notes about fast-forwards' en 'git push --help' para detalles.
[2025-07-07 13:20:07.846237] Iniciando subida del CSV...
CSV copiado a: /home/mdeoca/TEMPE/bme688/Meteo/datos.csv
'datos.csv' añadido al staging.
Commit realizado.
ERROR al hacer push a GitHub: Command '['git', 'push']' returned non-zero exit status 1.
[main 93690f4] Actualización de datos: 2025-07-07 13:40:07
 1 file changed, 1 insertion(+)
To https://github.com/mdeoca/Meteo.git
 ! [rejected]        main -> main (fetch first)
error: falló el empuje de algunas referencias a 'https://github.com/mdeoca/Meteo.git'
ayuda: Actualizaciones fueron rechazadas porque el remoto contiene trabajo que
ayuda: no existe localmente. Esto es causado usualmente por otro repositorio
ayuda: empujando a la misma ref. Quizás quieras integrar primero los cambios
ayuda: remotos (ej. 'git pull ...') antes de volver a hacer push.
ayuda: Mira 'Notes about fast-forwards' en 'git push --help' para detalles.
[2025-07-07 13:40:07.666647] Iniciando subida del CSV...
CSV copiado a: /home/mdeoca/TEMPE/bme688/Meteo/datos.csv
'datos.csv' añadido al staging.
Commit realizado.
ERROR al hacer push a GitHub: Command '['git', 'push']' returned non-zero exit status 1.
En la rama main
Tu rama está adelantada a 'origin/main' por 14 commits.
  (usa "git push" para publicar tus commits locales)

Cambios no rastreados para el commit:
  (usa "git add <archivo>..." para actualizar lo que será confirmado)
  (usa "git restore <archivo>..." para descartar los cambios en el directorio de trabajo)
	modificados:     subir_csv.log

sin cambios agregados al commit (usa "git add" y/o "git commit -a")
[2025-07-07 14:00:05.862036] Iniciando subida del CSV...
CSV copiado a: /home/mdeoca/TEMPE/bme688/Meteo/datos.csv
'datos.csv' añadido al staging.
ERROR al hacer commit: Command '['git', 'commit', '-m', 'Actualización de datos: 2025-07-07 14:00:05']' returned non-zero exit status 1.
[main 02f811d] Actualización de datos: 2025-07-07 14:20:26
 1 file changed, 1 insertion(+)
To https://github.com/mdeoca/Meteo.git
 ! [rejected]        main -> main (fetch first)
error: falló el empuje de algunas referencias a 'https://github.com/mdeoca/Meteo.git'
ayuda: Actualizaciones fueron rechazadas porque el remoto contiene trabajo que
ayuda: no existe localmente. Esto es causado usualmente por otro repositorio
ayuda: empujando a la misma ref. Quizás quieras integrar primero los cambios
ayuda: remotos (ej. 'git pull ...') antes de volver a hacer push.
ayuda: Mira 'Notes about fast-forwards' en 'git push --help' para detalles.
[2025-07-07 14:20:26.385938] Iniciando subida del CSV...
CSV copiado a: /home/mdeoca/TEMPE/bme688/Meteo/datos.csv
'datos.csv' añadido al staging.
Commit realizado.
ERROR al hacer push a GitHub: Command '['git', 'push']' returned non-zero exit status 1.
[main 644b8f5] Actualización de datos: 2025-07-07 14:40:08
 1 file changed, 1 insertion(+)
To https://github.com/mdeoca/Meteo.git
 ! [rejected]        main -> main (fetch first)
error: falló el empuje de algunas referencias a 'https://github.com/mdeoca/Meteo.git'
ayuda: Actualizaciones fueron rechazadas porque el remoto contiene trabajo que
ayuda: no existe localmente. Esto es causado usualmente por otro repositorio
ayuda: empujando a la misma ref. Quizás quieras integrar primero los cambios
ayuda: remotos (ej. 'git pull ...') antes de volver a hacer push.
ayuda: Mira 'Notes about fast-forwards' en 'git push --help' para detalles.
[2025-07-07 14:40:08.042194] Iniciando subida del CSV...
CSV copiado a: /home/mdeoca/TEMPE/bme688/Meteo/datos.csv
'datos.csv' añadido al staging.
Commit realizado.
ERROR al hacer push a GitHub: Command '['git', 'push']' returned non-zero exit status 1.
En la rama main
Tu rama está adelantada a 'origin/main' por 16 commits.
  (usa "git push" para publicar tus commits locales)

Cambios no rastreados para el commit:
  (usa "git add <archivo>..." para actualizar lo que será confirmado)
  (usa "git restore <archivo>..." para descartar los cambios en el directorio de trabajo)
	modificados:     subir_csv.log

sin cambios agregados al commit (usa "git add" y/o "git commit -a")
[2025-07-07 15:00:05.795600] Iniciando subida del CSV...
CSV copiado a: /home/mdeoca/TEMPE/bme688/Meteo/datos.csv
'datos.csv' añadido al staging.
ERROR al hacer commit: Command '['git', 'commit', '-m', 'Actualización de datos: 2025-07-07 15:00:05']' returned non-zero exit status 1.
[main 24a2c32] Actualización de datos: 2025-07-07 15:20:07
 1 file changed, 1 insertion(+)
To https://github.com/mdeoca/Meteo.git
 ! [rejected]        main -> main (fetch first)
error: falló el empuje de algunas referencias a 'https://github.com/mdeoca/Meteo.git'
ayuda: Actualizaciones fueron rechazadas porque el remoto contiene trabajo que
ayuda: no existe localmente. Esto es causado usualmente por otro repositorio
ayuda: empujando a la misma ref. Quizás quieras integrar primero los cambios
ayuda: remotos (ej. 'git pull ...') antes de volver a hacer push.
ayuda: Mira 'Notes about fast-forwards' en 'git push --help' para detalles.
[2025-07-07 15:20:07.832156] Iniciando subida del CSV...
CSV copiado a: /home/mdeoca/TEMPE/bme688/Meteo/datos.csv
'datos.csv' añadido al staging.
Commit realizado.
ERROR al hacer push a GitHub: Command '['git', 'push']' returned non-zero exit status 1.
[main 613766b] Actualización de datos: 2025-07-07 15:40:07
 1 file changed, 1 insertion(+)
To https://github.com/mdeoca/Meteo.git
 ! [rejected]        main -> main (fetch first)
error: falló el empuje de algunas referencias a 'https://github.com/mdeoca/Meteo.git'
ayuda: Actualizaciones fueron rechazadas porque el remoto contiene trabajo que
ayuda: no existe localmente. Esto es causado usualmente por otro repositorio
ayuda: empujando a la misma ref. Quizás quieras integrar primero los cambios
ayuda: remotos (ej. 'git pull ...') antes de volver a hacer push.
ayuda: Mira 'Notes about fast-forwards' en 'git push --help' para detalles.
[2025-07-07 15:40:07.807957] Iniciando subida del CSV...
CSV copiado a: /home/mdeoca/TEMPE/bme688/Meteo/datos.csv
'datos.csv' añadido al staging.
Commit realizado.
ERROR al hacer push a GitHub: Command '['git', 'push']' returned non-zero exit status 1.
En la rama main
Tu rama está adelantada a 'origin/main' por 18 commits.
  (usa "git push" para publicar tus commits locales)

Cambios no rastreados para el commit:
  (usa "git add <archivo>..." para actualizar lo que será confirmado)
  (usa "git restore <archivo>..." para descartar los cambios en el directorio de trabajo)
	modificados:     subir_csv.log

sin cambios agregados al commit (usa "git add" y/o "git commit -a")
[2025-07-07 16:00:41.784856] Iniciando subida del CSV...
CSV copiado a: /home/mdeoca/TEMPE/bme688/Meteo/datos.csv
'datos.csv' añadido al staging.
ERROR al hacer commit: Command '['git', 'commit', '-m', 'Actualización de datos: 2025-07-07 16:00:41']' returned non-zero exit status 1.
[main f6d1a4b] Actualización de datos: 2025-07-07 16:20:07
 1 file changed, 1 insertion(+)
To https://github.com/mdeoca/Meteo.git
 ! [rejected]        main -> main (fetch first)
error: falló el empuje de algunas referencias a 'https://github.com/mdeoca/Meteo.git'
ayuda: Actualizaciones fueron rechazadas porque el remoto contiene trabajo que
ayuda: no existe localmente. Esto es causado usualmente por otro repositorio
ayuda: empujando a la misma ref. Quizás quieras integrar primero los cambios
ayuda: remotos (ej. 'git pull ...') antes de volver a hacer push.
ayuda: Mira 'Notes about fast-forwards' en 'git push --help' para detalles.
[2025-07-07 16:20:07.411839] Iniciando subida del CSV...
CSV copiado a: /home/mdeoca/TEMPE/bme688/Meteo/datos.csv
'datos.csv' añadido al staging.
Commit realizado.
ERROR al hacer push a GitHub: Command '['git', 'push']' returned non-zero exit status 1.
[main 4047c3c] Actualización de datos: 2025-07-07 16:40:08
 1 file changed, 1 insertion(+)
To https://github.com/mdeoca/Meteo.git
 ! [rejected]        main -> main (fetch first)
error: falló el empuje de algunas referencias a 'https://github.com/mdeoca/Meteo.git'
ayuda: Actualizaciones fueron rechazadas porque el remoto contiene trabajo que
ayuda: no existe localmente. Esto es causado usualmente por otro repositorio
ayuda: empujando a la misma ref. Quizás quieras integrar primero los cambios
ayuda: remotos (ej. 'git pull ...') antes de volver a hacer push.
ayuda: Mira 'Notes about fast-forwards' en 'git push --help' para detalles.
[2025-07-07 16:40:08.129690] Iniciando subida del CSV...
CSV copiado a: /home/mdeoca/TEMPE/bme688/Meteo/datos.csv
'datos.csv' añadido al staging.
Commit realizado.
ERROR al hacer push a GitHub: Command '['git', 'push']' returned non-zero exit status 1.
